{"C:\\Users\\prash\\Downloads\\Sorting Algorithm Web App\\src\\features\\benchmark\\engine\\benchmark-runner.ts": {"path":"C:\\Users\\prash\\Downloads\\Sorting Algorithm Web App\\src\\features\\benchmark\\engine\\benchmark-runner.ts","statementMap":{"0":{"start":{"line":14,"column":26},"end":{"line":14,"column":null}},"1":{"start":{"line":21,"column":20},"end":{"line":21,"column":null}},"2":{"start":{"line":22,"column":17},"end":{"line":22,"column":null}},"3":{"start":{"line":23,"column":2},"end":{"line":23,"column":null}},"4":{"start":{"line":30,"column":2},"end":{"line":32,"column":null}},"5":{"start":{"line":30,"column":15},"end":{"line":30,"column":18}},"6":{"start":{"line":31,"column":4},"end":{"line":31,"column":null}},"7":{"start":{"line":31,"column":31},"end":{"line":31,"column":null}},"8":{"start":{"line":33,"column":2},"end":{"line":33,"column":null}},"9":{"start":{"line":51,"column":20},"end":{"line":51,"column":null}},"10":{"start":{"line":55,"column":2},"end":{"line":59,"column":null}},"11":{"start":{"line":55,"column":15},"end":{"line":55,"column":18}},"12":{"start":{"line":56,"column":23},"end":{"line":56,"column":null}},"13":{"start":{"line":57,"column":28},"end":{"line":57,"column":51}},"14":{"start":{"line":58,"column":4},"end":{"line":58,"column":null}},"15":{"start":{"line":62,"column":15},"end":{"line":62,"column":null}},"16":{"start":{"line":63,"column":20},"end":{"line":63,"column":43}},"17":{"start":{"line":65,"column":20},"end":{"line":65,"column":null}},"18":{"start":{"line":66,"column":17},"end":{"line":66,"column":null}},"19":{"start":{"line":67,"column":18},"end":{"line":67,"column":null}},"20":{"start":{"line":69,"column":18},"end":{"line":69,"column":null}},"21":{"start":{"line":70,"column":18},"end":{"line":70,"column":null}},"22":{"start":{"line":72,"column":2},"end":{"line":84,"column":null}},"23":{"start":{"line":97,"column":20},"end":{"line":97,"column":null}},"24":{"start":{"line":98,"column":20},"end":{"line":98,"column":null}},"25":{"start":{"line":100,"column":37},"end":{"line":107,"column":null}},"26":{"start":{"line":101,"column":4},"end":{"line":106,"column":null}},"27":{"start":{"line":109,"column":22},"end":{"line":109,"column":null}},"28":{"start":{"line":111,"column":2},"end":{"line":122,"column":null}}},"fnMap":{"0":{"name":"generateSessionId","decl":{"start":{"line":20,"column":9},"end":{"line":20,"column":37}},"loc":{"start":{"line":20,"column":37},"end":{"line":24,"column":null}},"line":20},"1":{"name":"isSorted","decl":{"start":{"line":29,"column":9},"end":{"line":29,"column":18}},"loc":{"start":{"line":29,"column":42},"end":{"line":34,"column":null}},"line":29},"2":{"name":"runSingleBenchmark","decl":{"start":{"line":45,"column":9},"end":{"line":45,"column":null}},"loc":{"start":{"line":50,"column":19},"end":{"line":85,"column":null}},"line":50},"3":{"name":"runBenchmarkSession","decl":{"start":{"line":96,"column":16},"end":{"line":96,"column":36}},"loc":{"start":{"line":96,"column":79},"end":{"line":123,"column":null}},"line":96},"4":{"name":"(anonymous_4)","decl":{"start":{"line":100,"column":57},"end":{"line":100,"column":62}},"loc":{"start":{"line":101,"column":4},"end":{"line":106,"column":null}},"line":101}},"branchMap":{"0":{"loc":{"start":{"line":31,"column":4},"end":{"line":31,"column":null}},"type":"if","locations":[{"start":{"line":31,"column":4},"end":{"line":31,"column":null}},{"start":{},"end":{}}],"line":31}},"s":{"0":3,"1":2,"2":2,"3":2,"4":5,"5":5,"6":23,"7":0,"8":5,"9":5,"10":5,"11":5,"12":5,"13":5,"14":5,"15":5,"16":5,"17":5,"18":5,"19":5,"20":5,"21":5,"22":5,"23":2,"24":2,"25":2,"26":5,"27":2,"28":2},"f":{"0":2,"1":5,"2":5,"3":2,"4":5},"b":{"0":[0,23]},"meta":{"lastBranch":1,"lastFunction":5,"lastStatement":29,"seen":{"s:14:26:14:Infinity":0,"f:20:9:20:37":0,"s:21:20:21:Infinity":1,"s:22:17:22:Infinity":2,"s:23:2:23:Infinity":3,"f:29:9:29:18":1,"s:30:2:32:Infinity":4,"s:30:15:30:18":5,"b:31:4:31:Infinity:undefined:undefined:undefined:undefined":0,"s:31:4:31:Infinity":6,"s:31:31:31:Infinity":7,"s:33:2:33:Infinity":8,"f:45:9:45:Infinity":2,"s:51:20:51:Infinity":9,"s:55:2:59:Infinity":10,"s:55:15:55:18":11,"s:56:23:56:Infinity":12,"s:57:28:57:51":13,"s:58:4:58:Infinity":14,"s:62:15:62:Infinity":15,"s:63:20:63:43":16,"s:65:20:65:Infinity":17,"s:66:17:66:Infinity":18,"s:67:18:67:Infinity":19,"s:69:18:69:Infinity":20,"s:70:18:70:Infinity":21,"s:72:2:84:Infinity":22,"f:96:16:96:36":3,"s:97:20:97:Infinity":23,"s:98:20:98:Infinity":24,"s:100:37:107:Infinity":25,"f:100:57:100:62":4,"s:101:4:106:Infinity":26,"s:109:22:109:Infinity":27,"s:111:2:122:Infinity":28},"fnNames":{}}}
,"C:\\Users\\prash\\Downloads\\Sorting Algorithm Web App\\src\\features\\benchmark\\engine\\metrics-collector.ts": {"path":"C:\\Users\\prash\\Downloads\\Sorting Algorithm Web App\\src\\features\\benchmark\\engine\\metrics-collector.ts","statementMap":{"0":{"start":{"line":22,"column":20},"end":{"line":22,"column":null}},"1":{"start":{"line":23,"column":14},"end":{"line":23,"column":null}},"2":{"start":{"line":24,"column":26},"end":{"line":24,"column":null}},"3":{"start":{"line":25,"column":31},"end":{"line":25,"column":null}},"4":{"start":{"line":26,"column":27},"end":{"line":26,"column":null}},"5":{"start":{"line":27,"column":30},"end":{"line":27,"column":null}},"6":{"start":{"line":28,"column":26},"end":{"line":28,"column":null}},"7":{"start":{"line":30,"column":2},"end":{"line":71,"column":null}},"8":{"start":{"line":32,"column":6},"end":{"line":32,"column":null}},"9":{"start":{"line":33,"column":6},"end":{"line":33,"column":null}},"10":{"start":{"line":37,"column":6},"end":{"line":37,"column":null}},"11":{"start":{"line":38,"column":19},"end":{"line":38,"column":null}},"12":{"start":{"line":39,"column":6},"end":{"line":39,"column":null}},"13":{"start":{"line":40,"column":6},"end":{"line":40,"column":null}},"14":{"start":{"line":44,"column":6},"end":{"line":44,"column":null}},"15":{"start":{"line":45,"column":6},"end":{"line":45,"column":null}},"16":{"start":{"line":46,"column":6},"end":{"line":48,"column":null}},"17":{"start":{"line":47,"column":8},"end":{"line":47,"column":null}},"18":{"start":{"line":52,"column":6},"end":{"line":52,"column":null}},"19":{"start":{"line":53,"column":6},"end":{"line":55,"column":null}},"20":{"start":{"line":54,"column":8},"end":{"line":54,"column":null}},"21":{"start":{"line":59,"column":6},"end":{"line":59,"column":null}},"22":{"start":{"line":63,"column":6},"end":{"line":69,"column":null}}},"fnMap":{"0":{"name":"createMetricsCollector","decl":{"start":{"line":21,"column":16},"end":{"line":21,"column":59}},"loc":{"start":{"line":21,"column":59},"end":{"line":72,"column":null}},"line":21},"1":{"name":"compare","decl":{"start":{"line":31,"column":4},"end":{"line":31,"column":12}},"loc":{"start":{"line":31,"column":42},"end":{"line":34,"column":null}},"line":31},"2":{"name":"swap","decl":{"start":{"line":36,"column":4},"end":{"line":36,"column":9}},"loc":{"start":{"line":36,"column":52},"end":{"line":41,"column":null}},"line":36},"3":{"name":"allocate","decl":{"start":{"line":43,"column":4},"end":{"line":43,"column":13}},"loc":{"start":{"line":43,"column":33},"end":{"line":49,"column":null}},"line":43},"4":{"name":"pushRecursion","decl":{"start":{"line":51,"column":4},"end":{"line":51,"column":26}},"loc":{"start":{"line":51,"column":26},"end":{"line":56,"column":null}},"line":51},"5":{"name":"popRecursion","decl":{"start":{"line":58,"column":4},"end":{"line":58,"column":25}},"loc":{"start":{"line":58,"column":25},"end":{"line":60,"column":null}},"line":58},"6":{"name":"getMetrics","decl":{"start":{"line":62,"column":4},"end":{"line":62,"column":35}},"loc":{"start":{"line":62,"column":35},"end":{"line":70,"column":null}},"line":62}},"branchMap":{"0":{"loc":{"start":{"line":46,"column":6},"end":{"line":48,"column":null}},"type":"if","locations":[{"start":{"line":46,"column":6},"end":{"line":48,"column":null}},{"start":{},"end":{}}],"line":46},"1":{"loc":{"start":{"line":53,"column":6},"end":{"line":55,"column":null}},"type":"if","locations":[{"start":{"line":53,"column":6},"end":{"line":55,"column":null}},{"start":{},"end":{}}],"line":53}},"s":{"0":90,"1":90,"2":90,"3":90,"4":90,"5":90,"6":90,"7":90,"8":766,"9":766,"10":341,"11":341,"12":341,"13":341,"14":51,"15":51,"16":51,"17":51,"18":66,"19":66,"20":47,"21":66,"22":15},"f":{"0":90,"1":766,"2":341,"3":51,"4":66,"5":66,"6":15},"b":{"0":[51,0],"1":[47,19]},"meta":{"lastBranch":2,"lastFunction":7,"lastStatement":23,"seen":{"f:21:16:21:59":0,"s:22:20:22:Infinity":0,"s:23:14:23:Infinity":1,"s:24:26:24:Infinity":2,"s:25:31:25:Infinity":3,"s:26:27:26:Infinity":4,"s:27:30:27:Infinity":5,"s:28:26:28:Infinity":6,"s:30:2:71:Infinity":7,"f:31:4:31:12":1,"s:32:6:32:Infinity":8,"s:33:6:33:Infinity":9,"f:36:4:36:9":2,"s:37:6:37:Infinity":10,"s:38:19:38:Infinity":11,"s:39:6:39:Infinity":12,"s:40:6:40:Infinity":13,"f:43:4:43:13":3,"s:44:6:44:Infinity":14,"s:45:6:45:Infinity":15,"b:46:6:48:Infinity:undefined:undefined:undefined:undefined":0,"s:46:6:48:Infinity":16,"s:47:8:47:Infinity":17,"f:51:4:51:26":4,"s:52:6:52:Infinity":18,"b:53:6:55:Infinity:undefined:undefined:undefined:undefined":1,"s:53:6:55:Infinity":19,"s:54:8:54:Infinity":20,"f:58:4:58:25":5,"s:59:6:59:Infinity":21,"f:62:4:62:35":6,"s:63:6:69:Infinity":22},"fnNames":{}}}
,"C:\\Users\\prash\\Downloads\\Sorting Algorithm Web App\\src\\features\\benchmark\\engine\\algorithms\\bubble-sort.ts": {"path":"C:\\Users\\prash\\Downloads\\Sorting Algorithm Web App\\src\\features\\benchmark\\engine\\algorithms\\bubble-sort.ts","statementMap":{"0":{"start":{"line":11,"column":44},"end":{"line":40,"column":null}},"1":{"start":{"line":22,"column":14},"end":{"line":22,"column":null}},"2":{"start":{"line":24,"column":4},"end":{"line":36,"column":null}},"3":{"start":{"line":24,"column":17},"end":{"line":24,"column":20}},"4":{"start":{"line":25,"column":20},"end":{"line":25,"column":null}},"5":{"start":{"line":27,"column":6},"end":{"line":32,"column":null}},"6":{"start":{"line":27,"column":19},"end":{"line":27,"column":22}},"7":{"start":{"line":28,"column":8},"end":{"line":31,"column":null}},"8":{"start":{"line":29,"column":10},"end":{"line":29,"column":null}},"9":{"start":{"line":30,"column":10},"end":{"line":30,"column":null}},"10":{"start":{"line":35,"column":6},"end":{"line":35,"column":null}},"11":{"start":{"line":35,"column":20},"end":{"line":35,"column":null}},"12":{"start":{"line":38,"column":4},"end":{"line":38,"column":null}}},"fnMap":{"0":{"name":"sort","decl":{"start":{"line":21,"column":2},"end":{"line":21,"column":7}},"loc":{"start":{"line":21,"column":61},"end":{"line":39,"column":null}},"line":21}},"branchMap":{"0":{"loc":{"start":{"line":28,"column":8},"end":{"line":31,"column":null}},"type":"if","locations":[{"start":{"line":28,"column":8},"end":{"line":31,"column":null}},{"start":{},"end":{}}],"line":28},"1":{"loc":{"start":{"line":35,"column":6},"end":{"line":35,"column":null}},"type":"if","locations":[{"start":{"line":35,"column":6},"end":{"line":35,"column":null}},{"start":{},"end":{}}],"line":35}},"s":{"0":4,"1":10,"2":10,"3":10,"4":29,"5":29,"6":29,"7":92,"8":48,"9":48,"10":29,"11":7,"12":10},"f":{"0":10},"b":{"0":[48,44],"1":[7,22]},"meta":{"lastBranch":2,"lastFunction":1,"lastStatement":13,"seen":{"s:11:44:40:Infinity":0,"f:21:2:21:7":0,"s:22:14:22:Infinity":1,"s:24:4:36:Infinity":2,"s:24:17:24:20":3,"s:25:20:25:Infinity":4,"s:27:6:32:Infinity":5,"s:27:19:27:22":6,"b:28:8:31:Infinity:undefined:undefined:undefined:undefined":0,"s:28:8:31:Infinity":7,"s:29:10:29:Infinity":8,"s:30:10:30:Infinity":9,"b:35:6:35:Infinity:undefined:undefined:undefined:undefined":1,"s:35:6:35:Infinity":10,"s:35:20:35:Infinity":11,"s:38:4:38:Infinity":12},"fnNames":{}}}
,"C:\\Users\\prash\\Downloads\\Sorting Algorithm Web App\\src\\features\\benchmark\\engine\\algorithms\\counting-sort.ts": {"path":"C:\\Users\\prash\\Downloads\\Sorting Algorithm Web App\\src\\features\\benchmark\\engine\\algorithms\\counting-sort.ts","statementMap":{"0":{"start":{"line":11,"column":46},"end":{"line":66,"column":null}},"1":{"start":{"line":26,"column":4},"end":{"line":26,"column":null}},"2":{"start":{"line":26,"column":25},"end":{"line":26,"column":null}},"3":{"start":{"line":29,"column":14},"end":{"line":29,"column":null}},"4":{"start":{"line":30,"column":14},"end":{"line":30,"column":null}},"5":{"start":{"line":32,"column":4},"end":{"line":35,"column":null}},"6":{"start":{"line":32,"column":17},"end":{"line":32,"column":20}},"7":{"start":{"line":33,"column":6},"end":{"line":33,"column":null}},"8":{"start":{"line":33,"column":47},"end":{"line":33,"column":null}},"9":{"start":{"line":34,"column":6},"end":{"line":34,"column":null}},"10":{"start":{"line":34,"column":47},"end":{"line":34,"column":null}},"11":{"start":{"line":37,"column":18},"end":{"line":37,"column":null}},"12":{"start":{"line":38,"column":18},"end":{"line":38,"column":null}},"13":{"start":{"line":39,"column":19},"end":{"line":39,"column":null}},"14":{"start":{"line":40,"column":4},"end":{"line":40,"column":null}},"15":{"start":{"line":43,"column":4},"end":{"line":45,"column":null}},"16":{"start":{"line":43,"column":17},"end":{"line":43,"column":20}},"17":{"start":{"line":44,"column":6},"end":{"line":44,"column":null}},"18":{"start":{"line":48,"column":4},"end":{"line":50,"column":null}},"19":{"start":{"line":48,"column":17},"end":{"line":48,"column":20}},"20":{"start":{"line":49,"column":6},"end":{"line":49,"column":null}},"21":{"start":{"line":53,"column":4},"end":{"line":57,"column":null}},"22":{"start":{"line":53,"column":17},"end":{"line":53,"column":33}},"23":{"start":{"line":54,"column":18},"end":{"line":54,"column":null}},"24":{"start":{"line":55,"column":6},"end":{"line":55,"column":null}},"25":{"start":{"line":56,"column":6},"end":{"line":56,"column":null}},"26":{"start":{"line":60,"column":4},"end":{"line":62,"column":null}},"27":{"start":{"line":60,"column":17},"end":{"line":60,"column":20}},"28":{"start":{"line":61,"column":6},"end":{"line":61,"column":null}},"29":{"start":{"line":64,"column":4},"end":{"line":64,"column":null}}},"fnMap":{"0":{"name":"sort","decl":{"start":{"line":25,"column":2},"end":{"line":25,"column":7}},"loc":{"start":{"line":25,"column":61},"end":{"line":65,"column":null}},"line":25}},"branchMap":{"0":{"loc":{"start":{"line":26,"column":4},"end":{"line":26,"column":null}},"type":"if","locations":[{"start":{"line":26,"column":4},"end":{"line":26,"column":null}},{"start":{},"end":{}}],"line":26},"1":{"loc":{"start":{"line":33,"column":6},"end":{"line":33,"column":null}},"type":"if","locations":[{"start":{"line":33,"column":6},"end":{"line":33,"column":null}},{"start":{},"end":{}}],"line":33},"2":{"loc":{"start":{"line":34,"column":6},"end":{"line":34,"column":null}},"type":"if","locations":[{"start":{"line":34,"column":6},"end":{"line":34,"column":null}},{"start":{},"end":{}}],"line":34}},"s":{"0":4,"1":8,"2":2,"3":6,"4":6,"5":6,"6":6,"7":28,"8":9,"9":28,"10":10,"11":6,"12":6,"13":6,"14":6,"15":6,"16":6,"17":34,"18":6,"19":6,"20":42,"21":6,"22":6,"23":34,"24":34,"25":34,"26":6,"27":6,"28":34,"29":6},"f":{"0":8},"b":{"0":[2,6],"1":[9,19],"2":[10,18]},"meta":{"lastBranch":3,"lastFunction":1,"lastStatement":30,"seen":{"s:11:46:66:Infinity":0,"f:25:2:25:7":0,"b:26:4:26:Infinity:undefined:undefined:undefined:undefined":0,"s:26:4:26:Infinity":1,"s:26:25:26:Infinity":2,"s:29:14:29:Infinity":3,"s:30:14:30:Infinity":4,"s:32:4:35:Infinity":5,"s:32:17:32:20":6,"b:33:6:33:Infinity:undefined:undefined:undefined:undefined":1,"s:33:6:33:Infinity":7,"s:33:47:33:Infinity":8,"b:34:6:34:Infinity:undefined:undefined:undefined:undefined":2,"s:34:6:34:Infinity":9,"s:34:47:34:Infinity":10,"s:37:18:37:Infinity":11,"s:38:18:38:Infinity":12,"s:39:19:39:Infinity":13,"s:40:4:40:Infinity":14,"s:43:4:45:Infinity":15,"s:43:17:43:20":16,"s:44:6:44:Infinity":17,"s:48:4:50:Infinity":18,"s:48:17:48:20":19,"s:49:6:49:Infinity":20,"s:53:4:57:Infinity":21,"s:53:17:53:33":22,"s:54:18:54:Infinity":23,"s:55:6:55:Infinity":24,"s:56:6:56:Infinity":25,"s:60:4:62:Infinity":26,"s:60:17:60:20":27,"s:61:6:61:Infinity":28,"s:64:4:64:Infinity":29},"fnNames":{}}}
,"C:\\Users\\prash\\Downloads\\Sorting Algorithm Web App\\src\\features\\benchmark\\engine\\algorithms\\heap-sort.ts": {"path":"C:\\Users\\prash\\Downloads\\Sorting Algorithm Web App\\src\\features\\benchmark\\engine\\algorithms\\heap-sort.ts","statementMap":{"0":{"start":{"line":21,"column":16},"end":{"line":21,"column":null}},"1":{"start":{"line":22,"column":15},"end":{"line":22,"column":null}},"2":{"start":{"line":23,"column":16},"end":{"line":23,"column":null}},"3":{"start":{"line":25,"column":2},"end":{"line":27,"column":null}},"4":{"start":{"line":26,"column":4},"end":{"line":26,"column":null}},"5":{"start":{"line":29,"column":2},"end":{"line":31,"column":null}},"6":{"start":{"line":30,"column":4},"end":{"line":30,"column":null}},"7":{"start":{"line":33,"column":2},"end":{"line":36,"column":null}},"8":{"start":{"line":34,"column":4},"end":{"line":34,"column":null}},"9":{"start":{"line":35,"column":4},"end":{"line":35,"column":null}},"10":{"start":{"line":39,"column":42},"end":{"line":69,"column":null}},"11":{"start":{"line":54,"column":14},"end":{"line":54,"column":null}},"12":{"start":{"line":57,"column":4},"end":{"line":59,"column":null}},"13":{"start":{"line":57,"column":17},"end":{"line":57,"column":40}},"14":{"start":{"line":58,"column":6},"end":{"line":58,"column":null}},"15":{"start":{"line":62,"column":4},"end":{"line":65,"column":null}},"16":{"start":{"line":62,"column":17},"end":{"line":62,"column":24}},"17":{"start":{"line":63,"column":6},"end":{"line":63,"column":null}},"18":{"start":{"line":64,"column":6},"end":{"line":64,"column":null}},"19":{"start":{"line":67,"column":4},"end":{"line":67,"column":null}}},"fnMap":{"0":{"name":"heapify","decl":{"start":{"line":15,"column":9},"end":{"line":15,"column":null}},"loc":{"start":{"line":20,"column":8},"end":{"line":37,"column":null}},"line":20},"1":{"name":"sort","decl":{"start":{"line":53,"column":2},"end":{"line":53,"column":7}},"loc":{"start":{"line":53,"column":61},"end":{"line":68,"column":null}},"line":53}},"branchMap":{"0":{"loc":{"start":{"line":25,"column":2},"end":{"line":27,"column":null}},"type":"if","locations":[{"start":{"line":25,"column":2},"end":{"line":27,"column":null}},{"start":{},"end":{}}],"line":25},"1":{"loc":{"start":{"line":25,"column":6},"end":{"line":25,"column":75}},"type":"binary-expr","locations":[{"start":{"line":25,"column":6},"end":{"line":25,"column":25}},{"start":{"line":25,"column":25},"end":{"line":25,"column":75}}],"line":25},"2":{"loc":{"start":{"line":29,"column":2},"end":{"line":31,"column":null}},"type":"if","locations":[{"start":{"line":29,"column":2},"end":{"line":31,"column":null}},{"start":{},"end":{}}],"line":29},"3":{"loc":{"start":{"line":29,"column":6},"end":{"line":29,"column":77}},"type":"binary-expr","locations":[{"start":{"line":29,"column":6},"end":{"line":29,"column":26}},{"start":{"line":29,"column":26},"end":{"line":29,"column":77}}],"line":29},"4":{"loc":{"start":{"line":33,"column":2},"end":{"line":36,"column":null}},"type":"if","locations":[{"start":{"line":33,"column":2},"end":{"line":36,"column":null}},{"start":{},"end":{}}],"line":33}},"s":{"0":105,"1":105,"2":105,"3":105,"4":38,"5":105,"6":17,"7":105,"8":46,"9":46,"10":4,"11":10,"12":10,"13":10,"14":21,"15":10,"16":10,"17":38,"18":38,"19":10},"f":{"0":105,"1":10},"b":{"0":[38,67],"1":[105,66],"2":[17,88],"3":[105,46],"4":[46,59]},"meta":{"lastBranch":5,"lastFunction":2,"lastStatement":20,"seen":{"f:15:9:15:Infinity":0,"s:21:16:21:Infinity":0,"s:22:15:22:Infinity":1,"s:23:16:23:Infinity":2,"b:25:2:27:Infinity:undefined:undefined:undefined:undefined":0,"s:25:2:27:Infinity":3,"b:25:6:25:25:25:25:25:75":1,"s:26:4:26:Infinity":4,"b:29:2:31:Infinity:undefined:undefined:undefined:undefined":2,"s:29:2:31:Infinity":5,"b:29:6:29:26:29:26:29:77":3,"s:30:4:30:Infinity":6,"b:33:2:36:Infinity:undefined:undefined:undefined:undefined":4,"s:33:2:36:Infinity":7,"s:34:4:34:Infinity":8,"s:35:4:35:Infinity":9,"s:39:42:69:Infinity":10,"f:53:2:53:7":1,"s:54:14:54:Infinity":11,"s:57:4:59:Infinity":12,"s:57:17:57:40":13,"s:58:6:58:Infinity":14,"s:62:4:65:Infinity":15,"s:62:17:62:24":16,"s:63:6:63:Infinity":17,"s:64:6:64:Infinity":18,"s:67:4:67:Infinity":19},"fnNames":{}}}
,"C:\\Users\\prash\\Downloads\\Sorting Algorithm Web App\\src\\features\\benchmark\\engine\\algorithms\\index.ts": {"path":"C:\\Users\\prash\\Downloads\\Sorting Algorithm Web App\\src\\features\\benchmark\\engine\\algorithms\\index.ts","statementMap":{"0":{"start":{"line":21,"column":39},"end":{"line":32,"column":null}},"1":{"start":{"line":35,"column":22},"end":{"line":37,"column":null}},"2":{"start":{"line":36,"column":27},"end":{"line":36,"column":42}},"3":{"start":{"line":44,"column":15},"end":{"line":44,"column":null}},"4":{"start":{"line":45,"column":2},"end":{"line":47,"column":null}},"5":{"start":{"line":46,"column":4},"end":{"line":46,"column":null}},"6":{"start":{"line":48,"column":2},"end":{"line":48,"column":null}},"7":{"start":{"line":53,"column":2},"end":{"line":53,"column":null}},"8":{"start":{"line":58,"column":2},"end":{"line":58,"column":null}},"9":{"start":{"line":58,"column":31},"end":{"line":58,"column":35}},"10":{"start":{"line":65,"column":2},"end":{"line":65,"column":null}},"11":{"start":{"line":65,"column":34},"end":{"line":65,"column":57}},"12":{"start":{"line":70,"column":2},"end":{"line":70,"column":null}}},"fnMap":{"0":{"name":"(anonymous_0)","decl":{"start":{"line":36,"column":13},"end":{"line":36,"column":18}},"loc":{"start":{"line":36,"column":27},"end":{"line":36,"column":42}},"line":36},"1":{"name":"getAlgorithm","decl":{"start":{"line":43,"column":16},"end":{"line":43,"column":29}},"loc":{"start":{"line":43,"column":59},"end":{"line":49,"column":null}},"line":43},"2":{"name":"getAllAlgorithms","decl":{"start":{"line":52,"column":16},"end":{"line":52,"column":55}},"loc":{"start":{"line":52,"column":55},"end":{"line":54,"column":null}},"line":52},"3":{"name":"getAllAlgorithmIds","decl":{"start":{"line":57,"column":16},"end":{"line":57,"column":47}},"loc":{"start":{"line":57,"column":47},"end":{"line":59,"column":null}},"line":57},"4":{"name":"(anonymous_4)","decl":{"start":{"line":58,"column":20},"end":{"line":58,"column":25}},"loc":{"start":{"line":58,"column":31},"end":{"line":58,"column":35}},"line":58},"5":{"name":"getAlgorithmsByCategory","decl":{"start":{"line":62,"column":16},"end":{"line":62,"column":null}},"loc":{"start":{"line":64,"column":22},"end":{"line":66,"column":null}},"line":64},"6":{"name":"(anonymous_6)","decl":{"start":{"line":65,"column":20},"end":{"line":65,"column":28}},"loc":{"start":{"line":65,"column":34},"end":{"line":65,"column":57}},"line":65},"7":{"name":"getAlgorithmCount","decl":{"start":{"line":69,"column":16},"end":{"line":69,"column":44}},"loc":{"start":{"line":69,"column":44},"end":{"line":71,"column":null}},"line":69}},"branchMap":{"0":{"loc":{"start":{"line":45,"column":2},"end":{"line":47,"column":null}},"type":"if","locations":[{"start":{"line":45,"column":2},"end":{"line":47,"column":null}},{"start":{},"end":{}}],"line":45}},"s":{"0":4,"1":4,"2":40,"3":5,"4":5,"5":0,"6":5,"7":3,"8":0,"9":0,"10":0,"11":0,"12":0},"f":{"0":40,"1":5,"2":3,"3":0,"4":0,"5":0,"6":0,"7":0},"b":{"0":[0,5]},"meta":{"lastBranch":1,"lastFunction":8,"lastStatement":13,"seen":{"s:21:39:32:Infinity":0,"s:35:22:37:Infinity":1,"f:36:13:36:18":0,"s:36:27:36:42":2,"f:43:16:43:29":1,"s:44:15:44:Infinity":3,"b:45:2:47:Infinity:undefined:undefined:undefined:undefined":0,"s:45:2:47:Infinity":4,"s:46:4:46:Infinity":5,"s:48:2:48:Infinity":6,"f:52:16:52:55":2,"s:53:2:53:Infinity":7,"f:57:16:57:47":3,"s:58:2:58:Infinity":8,"f:58:20:58:25":4,"s:58:31:58:35":9,"f:62:16:62:Infinity":5,"s:65:2:65:Infinity":10,"f:65:20:65:28":6,"s:65:34:65:57":11,"f:69:16:69:44":7,"s:70:2:70:Infinity":12},"fnNames":{}}}
,"C:\\Users\\prash\\Downloads\\Sorting Algorithm Web App\\src\\features\\benchmark\\engine\\algorithms\\insertion-sort.ts": {"path":"C:\\Users\\prash\\Downloads\\Sorting Algorithm Web App\\src\\features\\benchmark\\engine\\algorithms\\insertion-sort.ts","statementMap":{"0":{"start":{"line":11,"column":47},"end":{"line":39,"column":null}},"1":{"start":{"line":22,"column":14},"end":{"line":22,"column":null}},"2":{"start":{"line":24,"column":4},"end":{"line":35,"column":null}},"3":{"start":{"line":24,"column":17},"end":{"line":24,"column":20}},"4":{"start":{"line":25,"column":18},"end":{"line":25,"column":null}},"5":{"start":{"line":26,"column":14},"end":{"line":26,"column":null}},"6":{"start":{"line":28,"column":6},"end":{"line":32,"column":null}},"7":{"start":{"line":29,"column":8},"end":{"line":29,"column":null}},"8":{"start":{"line":30,"column":8},"end":{"line":30,"column":null}},"9":{"start":{"line":31,"column":8},"end":{"line":31,"column":null}},"10":{"start":{"line":34,"column":6},"end":{"line":34,"column":null}},"11":{"start":{"line":37,"column":4},"end":{"line":37,"column":null}}},"fnMap":{"0":{"name":"sort","decl":{"start":{"line":21,"column":2},"end":{"line":21,"column":7}},"loc":{"start":{"line":21,"column":61},"end":{"line":38,"column":null}},"line":21}},"branchMap":{"0":{"loc":{"start":{"line":28,"column":13},"end":{"line":28,"column":60}},"type":"binary-expr","locations":[{"start":{"line":28,"column":13},"end":{"line":28,"column":23}},{"start":{"line":28,"column":23},"end":{"line":28,"column":60}}],"line":28}},"s":{"0":4,"1":8,"2":8,"3":8,"4":28,"5":28,"6":28,"7":34,"8":34,"9":34,"10":28,"11":8},"f":{"0":8},"b":{"0":[28,52]},"meta":{"lastBranch":1,"lastFunction":1,"lastStatement":12,"seen":{"s:11:47:39:Infinity":0,"f:21:2:21:7":0,"s:22:14:22:Infinity":1,"s:24:4:35:Infinity":2,"s:24:17:24:20":3,"s:25:18:25:Infinity":4,"s:26:14:26:Infinity":5,"s:28:6:32:Infinity":6,"b:28:13:28:23:28:23:28:60":0,"s:29:8:29:Infinity":7,"s:30:8:30:Infinity":8,"s:31:8:31:Infinity":9,"s:34:6:34:Infinity":10,"s:37:4:37:Infinity":11},"fnNames":{}}}
,"C:\\Users\\prash\\Downloads\\Sorting Algorithm Web App\\src\\features\\benchmark\\engine\\algorithms\\merge-sort.ts": {"path":"C:\\Users\\prash\\Downloads\\Sorting Algorithm Web App\\src\\features\\benchmark\\engine\\algorithms\\merge-sort.ts","statementMap":{"0":{"start":{"line":19,"column":18},"end":{"line":19,"column":null}},"1":{"start":{"line":20,"column":19},"end":{"line":20,"column":null}},"2":{"start":{"line":23,"column":18},"end":{"line":23,"column":null}},"3":{"start":{"line":24,"column":19},"end":{"line":24,"column":null}},"4":{"start":{"line":25,"column":2},"end":{"line":25,"column":null}},"5":{"start":{"line":27,"column":2},"end":{"line":27,"column":null}},"6":{"start":{"line":27,"column":15},"end":{"line":27,"column":18}},"7":{"start":{"line":27,"column":36},"end":{"line":27,"column":null}},"8":{"start":{"line":28,"column":2},"end":{"line":28,"column":null}},"9":{"start":{"line":28,"column":15},"end":{"line":28,"column":18}},"10":{"start":{"line":28,"column":37},"end":{"line":28,"column":null}},"11":{"start":{"line":30,"column":10},"end":{"line":30,"column":null}},"12":{"start":{"line":31,"column":10},"end":{"line":31,"column":null}},"13":{"start":{"line":32,"column":10},"end":{"line":32,"column":null}},"14":{"start":{"line":34,"column":2},"end":{"line":43,"column":null}},"15":{"start":{"line":35,"column":4},"end":{"line":41,"column":null}},"16":{"start":{"line":36,"column":6},"end":{"line":36,"column":null}},"17":{"start":{"line":37,"column":6},"end":{"line":37,"column":null}},"18":{"start":{"line":39,"column":6},"end":{"line":39,"column":null}},"19":{"start":{"line":40,"column":6},"end":{"line":40,"column":null}},"20":{"start":{"line":42,"column":4},"end":{"line":42,"column":null}},"21":{"start":{"line":45,"column":2},"end":{"line":49,"column":null}},"22":{"start":{"line":46,"column":4},"end":{"line":46,"column":null}},"23":{"start":{"line":47,"column":4},"end":{"line":47,"column":null}},"24":{"start":{"line":48,"column":4},"end":{"line":48,"column":null}},"25":{"start":{"line":51,"column":2},"end":{"line":55,"column":null}},"26":{"start":{"line":52,"column":4},"end":{"line":52,"column":null}},"27":{"start":{"line":53,"column":4},"end":{"line":53,"column":null}},"28":{"start":{"line":54,"column":4},"end":{"line":54,"column":null}},"29":{"start":{"line":65,"column":2},"end":{"line":65,"column":null}},"30":{"start":{"line":65,"column":21},"end":{"line":65,"column":null}},"31":{"start":{"line":67,"column":2},"end":{"line":67,"column":null}},"32":{"start":{"line":69,"column":14},"end":{"line":69,"column":null}},"33":{"start":{"line":70,"column":2},"end":{"line":70,"column":null}},"34":{"start":{"line":71,"column":2},"end":{"line":71,"column":null}},"35":{"start":{"line":72,"column":2},"end":{"line":72,"column":null}},"36":{"start":{"line":74,"column":2},"end":{"line":74,"column":null}},"37":{"start":{"line":77,"column":43},"end":{"line":96,"column":null}},"38":{"start":{"line":92,"column":4},"end":{"line":92,"column":null}},"39":{"start":{"line":92,"column":25},"end":{"line":92,"column":null}},"40":{"start":{"line":93,"column":4},"end":{"line":93,"column":null}},"41":{"start":{"line":94,"column":4},"end":{"line":94,"column":null}}},"fnMap":{"0":{"name":"merge","decl":{"start":{"line":12,"column":9},"end":{"line":12,"column":null}},"loc":{"start":{"line":18,"column":8},"end":{"line":56,"column":null}},"line":18},"1":{"name":"mergeSortRecursive","decl":{"start":{"line":59,"column":9},"end":{"line":59,"column":null}},"loc":{"start":{"line":64,"column":8},"end":{"line":75,"column":null}},"line":64},"2":{"name":"sort","decl":{"start":{"line":91,"column":2},"end":{"line":91,"column":7}},"loc":{"start":{"line":91,"column":61},"end":{"line":95,"column":null}},"line":91}},"branchMap":{"0":{"loc":{"start":{"line":34,"column":9},"end":{"line":34,"column":38}},"type":"binary-expr","locations":[{"start":{"line":34,"column":9},"end":{"line":34,"column":24}},{"start":{"line":34,"column":24},"end":{"line":34,"column":38}}],"line":34},"1":{"loc":{"start":{"line":35,"column":4},"end":{"line":41,"column":null}},"type":"if","locations":[{"start":{"line":35,"column":4},"end":{"line":41,"column":null}},{"start":{"line":38,"column":11},"end":{"line":41,"column":null}}],"line":35},"2":{"loc":{"start":{"line":65,"column":2},"end":{"line":65,"column":null}},"type":"if","locations":[{"start":{"line":65,"column":2},"end":{"line":65,"column":null}},{"start":{},"end":{}}],"line":65},"3":{"loc":{"start":{"line":92,"column":4},"end":{"line":92,"column":null}},"type":"if","locations":[{"start":{"line":92,"column":4},"end":{"line":92,"column":null}},{"start":{},"end":{}}],"line":92}},"s":{"0":38,"1":38,"2":38,"3":38,"4":38,"5":38,"6":38,"7":67,"8":38,"9":38,"10":53,"11":38,"12":38,"13":38,"14":38,"15":74,"16":45,"17":45,"18":29,"19":29,"20":74,"21":38,"22":22,"23":22,"24":22,"25":38,"26":24,"27":24,"28":24,"29":84,"30":46,"31":38,"32":38,"33":38,"34":38,"35":38,"36":38,"37":4,"38":10,"39":2,"40":8,"41":8},"f":{"0":38,"1":84,"2":10},"b":{"0":[38,91],"1":[45,29],"2":[46,38],"3":[2,8]},"meta":{"lastBranch":4,"lastFunction":3,"lastStatement":42,"seen":{"f:12:9:12:Infinity":0,"s:19:18:19:Infinity":0,"s:20:19:20:Infinity":1,"s:23:18:23:Infinity":2,"s:24:19:24:Infinity":3,"s:25:2:25:Infinity":4,"s:27:2:27:Infinity":5,"s:27:15:27:18":6,"s:27:36:27:Infinity":7,"s:28:2:28:Infinity":8,"s:28:15:28:18":9,"s:28:37:28:Infinity":10,"s:30:10:30:Infinity":11,"s:31:10:31:Infinity":12,"s:32:10:32:Infinity":13,"s:34:2:43:Infinity":14,"b:34:9:34:24:34:24:34:38":0,"b:35:4:41:Infinity:38:11:41:Infinity":1,"s:35:4:41:Infinity":15,"s:36:6:36:Infinity":16,"s:37:6:37:Infinity":17,"s:39:6:39:Infinity":18,"s:40:6:40:Infinity":19,"s:42:4:42:Infinity":20,"s:45:2:49:Infinity":21,"s:46:4:46:Infinity":22,"s:47:4:47:Infinity":23,"s:48:4:48:Infinity":24,"s:51:2:55:Infinity":25,"s:52:4:52:Infinity":26,"s:53:4:53:Infinity":27,"s:54:4:54:Infinity":28,"f:59:9:59:Infinity":1,"b:65:2:65:Infinity:undefined:undefined:undefined:undefined":2,"s:65:2:65:Infinity":29,"s:65:21:65:Infinity":30,"s:67:2:67:Infinity":31,"s:69:14:69:Infinity":32,"s:70:2:70:Infinity":33,"s:71:2:71:Infinity":34,"s:72:2:72:Infinity":35,"s:74:2:74:Infinity":36,"s:77:43:96:Infinity":37,"f:91:2:91:7":2,"b:92:4:92:Infinity:undefined:undefined:undefined:undefined":3,"s:92:4:92:Infinity":38,"s:92:25:92:Infinity":39,"s:93:4:93:Infinity":40,"s:94:4:94:Infinity":41},"fnNames":{}}}
,"C:\\Users\\prash\\Downloads\\Sorting Algorithm Web App\\src\\features\\benchmark\\engine\\algorithms\\quick-sort.ts": {"path":"C:\\Users\\prash\\Downloads\\Sorting Algorithm Web App\\src\\features\\benchmark\\engine\\algorithms\\quick-sort.ts","statementMap":{"0":{"start":{"line":22,"column":14},"end":{"line":22,"column":null}},"1":{"start":{"line":24,"column":2},"end":{"line":26,"column":null}},"2":{"start":{"line":25,"column":4},"end":{"line":25,"column":null}},"3":{"start":{"line":27,"column":2},"end":{"line":29,"column":null}},"4":{"start":{"line":28,"column":4},"end":{"line":28,"column":null}},"5":{"start":{"line":30,"column":2},"end":{"line":32,"column":null}},"6":{"start":{"line":31,"column":4},"end":{"line":31,"column":null}},"7":{"start":{"line":35,"column":2},"end":{"line":35,"column":null}},"8":{"start":{"line":36,"column":2},"end":{"line":36,"column":null}},"9":{"start":{"line":49,"column":16},"end":{"line":49,"column":null}},"10":{"start":{"line":50,"column":10},"end":{"line":50,"column":null}},"11":{"start":{"line":52,"column":2},"end":{"line":59,"column":null}},"12":{"start":{"line":52,"column":15},"end":{"line":52,"column":20}},"13":{"start":{"line":53,"column":4},"end":{"line":58,"column":null}},"14":{"start":{"line":54,"column":6},"end":{"line":54,"column":null}},"15":{"start":{"line":55,"column":6},"end":{"line":57,"column":null}},"16":{"start":{"line":56,"column":8},"end":{"line":56,"column":null}},"17":{"start":{"line":61,"column":2},"end":{"line":61,"column":null}},"18":{"start":{"line":62,"column":2},"end":{"line":62,"column":null}},"19":{"start":{"line":72,"column":2},"end":{"line":72,"column":null}},"20":{"start":{"line":72,"column":19},"end":{"line":72,"column":null}},"21":{"start":{"line":74,"column":2},"end":{"line":74,"column":null}},"22":{"start":{"line":76,"column":19},"end":{"line":76,"column":null}},"23":{"start":{"line":77,"column":2},"end":{"line":77,"column":null}},"24":{"start":{"line":78,"column":2},"end":{"line":78,"column":null}},"25":{"start":{"line":80,"column":2},"end":{"line":80,"column":null}},"26":{"start":{"line":83,"column":43},"end":{"line":102,"column":null}},"27":{"start":{"line":98,"column":4},"end":{"line":98,"column":null}},"28":{"start":{"line":98,"column":25},"end":{"line":98,"column":null}},"29":{"start":{"line":99,"column":4},"end":{"line":99,"column":null}},"30":{"start":{"line":100,"column":4},"end":{"line":100,"column":null}}},"fnMap":{"0":{"name":"medianOfThree","decl":{"start":{"line":16,"column":9},"end":{"line":16,"column":null}},"loc":{"start":{"line":21,"column":10},"end":{"line":37,"column":null}},"line":21},"1":{"name":"partition","decl":{"start":{"line":43,"column":9},"end":{"line":43,"column":null}},"loc":{"start":{"line":48,"column":10},"end":{"line":63,"column":null}},"line":48},"2":{"name":"quickSortRecursive","decl":{"start":{"line":66,"column":9},"end":{"line":66,"column":null}},"loc":{"start":{"line":71,"column":8},"end":{"line":81,"column":null}},"line":71},"3":{"name":"sort","decl":{"start":{"line":97,"column":2},"end":{"line":97,"column":7}},"loc":{"start":{"line":97,"column":61},"end":{"line":101,"column":null}},"line":97}},"branchMap":{"0":{"loc":{"start":{"line":24,"column":2},"end":{"line":26,"column":null}},"type":"if","locations":[{"start":{"line":24,"column":2},"end":{"line":26,"column":null}},{"start":{},"end":{}}],"line":24},"1":{"loc":{"start":{"line":27,"column":2},"end":{"line":29,"column":null}},"type":"if","locations":[{"start":{"line":27,"column":2},"end":{"line":29,"column":null}},{"start":{},"end":{}}],"line":27},"2":{"loc":{"start":{"line":30,"column":2},"end":{"line":32,"column":null}},"type":"if","locations":[{"start":{"line":30,"column":2},"end":{"line":32,"column":null}},{"start":{},"end":{}}],"line":30},"3":{"loc":{"start":{"line":53,"column":4},"end":{"line":58,"column":null}},"type":"if","locations":[{"start":{"line":53,"column":4},"end":{"line":58,"column":null}},{"start":{},"end":{}}],"line":53},"4":{"loc":{"start":{"line":55,"column":6},"end":{"line":57,"column":null}},"type":"if","locations":[{"start":{"line":55,"column":6},"end":{"line":57,"column":null}},{"start":{},"end":{}}],"line":55},"5":{"loc":{"start":{"line":72,"column":2},"end":{"line":72,"column":null}},"type":"if","locations":[{"start":{"line":72,"column":2},"end":{"line":72,"column":null}},{"start":{},"end":{}}],"line":72},"6":{"loc":{"start":{"line":98,"column":4},"end":{"line":98,"column":null}},"type":"if","locations":[{"start":{"line":98,"column":4},"end":{"line":98,"column":null}},{"start":{},"end":{}}],"line":98}},"s":{"0":28,"1":28,"2":9,"3":28,"4":13,"5":28,"6":12,"7":28,"8":28,"9":28,"10":28,"11":28,"12":28,"13":77,"14":38,"15":38,"16":7,"17":28,"18":28,"19":66,"20":38,"21":28,"22":28,"23":28,"24":28,"25":28,"26":4,"27":12,"28":2,"29":10,"30":10},"f":{"0":28,"1":28,"2":66,"3":12},"b":{"0":[9,19],"1":[13,15],"2":[12,16],"3":[38,39],"4":[7,31],"5":[38,28],"6":[2,10]},"meta":{"lastBranch":7,"lastFunction":4,"lastStatement":31,"seen":{"f:16:9:16:Infinity":0,"s:22:14:22:Infinity":0,"b:24:2:26:Infinity:undefined:undefined:undefined:undefined":0,"s:24:2:26:Infinity":1,"s:25:4:25:Infinity":2,"b:27:2:29:Infinity:undefined:undefined:undefined:undefined":1,"s:27:2:29:Infinity":3,"s:28:4:28:Infinity":4,"b:30:2:32:Infinity:undefined:undefined:undefined:undefined":2,"s:30:2:32:Infinity":5,"s:31:4:31:Infinity":6,"s:35:2:35:Infinity":7,"s:36:2:36:Infinity":8,"f:43:9:43:Infinity":1,"s:49:16:49:Infinity":9,"s:50:10:50:Infinity":10,"s:52:2:59:Infinity":11,"s:52:15:52:20":12,"b:53:4:58:Infinity:undefined:undefined:undefined:undefined":3,"s:53:4:58:Infinity":13,"s:54:6:54:Infinity":14,"b:55:6:57:Infinity:undefined:undefined:undefined:undefined":4,"s:55:6:57:Infinity":15,"s:56:8:56:Infinity":16,"s:61:2:61:Infinity":17,"s:62:2:62:Infinity":18,"f:66:9:66:Infinity":2,"b:72:2:72:Infinity:undefined:undefined:undefined:undefined":5,"s:72:2:72:Infinity":19,"s:72:19:72:Infinity":20,"s:74:2:74:Infinity":21,"s:76:19:76:Infinity":22,"s:77:2:77:Infinity":23,"s:78:2:78:Infinity":24,"s:80:2:80:Infinity":25,"s:83:43:102:Infinity":26,"f:97:2:97:7":3,"b:98:4:98:Infinity:undefined:undefined:undefined:undefined":6,"s:98:4:98:Infinity":27,"s:98:25:98:Infinity":28,"s:99:4:99:Infinity":29,"s:100:4:100:Infinity":30},"fnNames":{}}}
,"C:\\Users\\prash\\Downloads\\Sorting Algorithm Web App\\src\\features\\benchmark\\engine\\algorithms\\radix-sort.ts": {"path":"C:\\Users\\prash\\Downloads\\Sorting Algorithm Web App\\src\\features\\benchmark\\engine\\algorithms\\radix-sort.ts","statementMap":{"0":{"start":{"line":13,"column":12},"end":{"line":13,"column":null}},"1":{"start":{"line":14,"column":2},"end":{"line":18,"column":null}},"2":{"start":{"line":14,"column":15},"end":{"line":14,"column":18}},"3":{"start":{"line":15,"column":4},"end":{"line":17,"column":null}},"4":{"start":{"line":16,"column":6},"end":{"line":16,"column":null}},"5":{"start":{"line":19,"column":2},"end":{"line":19,"column":null}},"6":{"start":{"line":31,"column":12},"end":{"line":31,"column":null}},"7":{"start":{"line":32,"column":17},"end":{"line":32,"column":null}},"8":{"start":{"line":33,"column":16},"end":{"line":33,"column":null}},"9":{"start":{"line":34,"column":2},"end":{"line":34,"column":null}},"10":{"start":{"line":37,"column":2},"end":{"line":40,"column":null}},"11":{"start":{"line":37,"column":15},"end":{"line":37,"column":18}},"12":{"start":{"line":38,"column":18},"end":{"line":38,"column":null}},"13":{"start":{"line":39,"column":4},"end":{"line":39,"column":null}},"14":{"start":{"line":43,"column":2},"end":{"line":45,"column":null}},"15":{"start":{"line":43,"column":15},"end":{"line":43,"column":18}},"16":{"start":{"line":44,"column":4},"end":{"line":44,"column":null}},"17":{"start":{"line":48,"column":2},"end":{"line":52,"column":null}},"18":{"start":{"line":48,"column":15},"end":{"line":48,"column":22}},"19":{"start":{"line":49,"column":18},"end":{"line":49,"column":null}},"20":{"start":{"line":50,"column":4},"end":{"line":50,"column":null}},"21":{"start":{"line":51,"column":4},"end":{"line":51,"column":null}},"22":{"start":{"line":55,"column":2},"end":{"line":57,"column":null}},"23":{"start":{"line":55,"column":15},"end":{"line":55,"column":18}},"24":{"start":{"line":56,"column":4},"end":{"line":56,"column":null}},"25":{"start":{"line":60,"column":43},"end":{"line":86,"column":null}},"26":{"start":{"line":75,"column":4},"end":{"line":75,"column":null}},"27":{"start":{"line":75,"column":25},"end":{"line":75,"column":null}},"28":{"start":{"line":77,"column":16},"end":{"line":77,"column":null}},"29":{"start":{"line":80,"column":4},"end":{"line":82,"column":null}},"30":{"start":{"line":80,"column":19},"end":{"line":80,"column":22}},"31":{"start":{"line":81,"column":6},"end":{"line":81,"column":null}},"32":{"start":{"line":84,"column":4},"end":{"line":84,"column":null}}},"fnMap":{"0":{"name":"getMax","decl":{"start":{"line":12,"column":9},"end":{"line":12,"column":16}},"loc":{"start":{"line":12,"column":68},"end":{"line":20,"column":null}},"line":12},"1":{"name":"countingSortByDigit","decl":{"start":{"line":26,"column":9},"end":{"line":26,"column":null}},"loc":{"start":{"line":30,"column":8},"end":{"line":58,"column":null}},"line":30},"2":{"name":"sort","decl":{"start":{"line":74,"column":2},"end":{"line":74,"column":7}},"loc":{"start":{"line":74,"column":61},"end":{"line":85,"column":null}},"line":74}},"branchMap":{"0":{"loc":{"start":{"line":15,"column":4},"end":{"line":17,"column":null}},"type":"if","locations":[{"start":{"line":15,"column":4},"end":{"line":17,"column":null}},{"start":{},"end":{}}],"line":15},"1":{"loc":{"start":{"line":75,"column":4},"end":{"line":75,"column":null}},"type":"if","locations":[{"start":{"line":75,"column":4},"end":{"line":75,"column":null}},{"start":{},"end":{}}],"line":75}},"s":{"0":6,"1":6,"2":6,"3":28,"4":9,"5":6,"6":7,"7":7,"8":7,"9":7,"10":7,"11":7,"12":39,"13":39,"14":7,"15":7,"16":63,"17":7,"18":7,"19":39,"20":39,"21":39,"22":7,"23":7,"24":39,"25":4,"26":8,"27":2,"28":6,"29":6,"30":6,"31":7,"32":6},"f":{"0":6,"1":7,"2":8},"b":{"0":[9,19],"1":[2,6]},"meta":{"lastBranch":2,"lastFunction":3,"lastStatement":33,"seen":{"f:12:9:12:16":0,"s:13:12:13:Infinity":0,"s:14:2:18:Infinity":1,"s:14:15:14:18":2,"b:15:4:17:Infinity:undefined:undefined:undefined:undefined":0,"s:15:4:17:Infinity":3,"s:16:6:16:Infinity":4,"s:19:2:19:Infinity":5,"f:26:9:26:Infinity":1,"s:31:12:31:Infinity":6,"s:32:17:32:Infinity":7,"s:33:16:33:Infinity":8,"s:34:2:34:Infinity":9,"s:37:2:40:Infinity":10,"s:37:15:37:18":11,"s:38:18:38:Infinity":12,"s:39:4:39:Infinity":13,"s:43:2:45:Infinity":14,"s:43:15:43:18":15,"s:44:4:44:Infinity":16,"s:48:2:52:Infinity":17,"s:48:15:48:22":18,"s:49:18:49:Infinity":19,"s:50:4:50:Infinity":20,"s:51:4:51:Infinity":21,"s:55:2:57:Infinity":22,"s:55:15:55:18":23,"s:56:4:56:Infinity":24,"s:60:43:86:Infinity":25,"f:74:2:74:7":2,"b:75:4:75:Infinity:undefined:undefined:undefined:undefined":1,"s:75:4:75:Infinity":26,"s:75:25:75:Infinity":27,"s:77:16:77:Infinity":28,"s:80:4:82:Infinity":29,"s:80:19:80:22":30,"s:81:6:81:Infinity":31,"s:84:4:84:Infinity":32},"fnNames":{}}}
,"C:\\Users\\prash\\Downloads\\Sorting Algorithm Web App\\src\\features\\benchmark\\engine\\algorithms\\selection-sort.ts": {"path":"C:\\Users\\prash\\Downloads\\Sorting Algorithm Web App\\src\\features\\benchmark\\engine\\algorithms\\selection-sort.ts","statementMap":{"0":{"start":{"line":11,"column":47},"end":{"line":40,"column":null}},"1":{"start":{"line":22,"column":14},"end":{"line":22,"column":null}},"2":{"start":{"line":24,"column":4},"end":{"line":36,"column":null}},"3":{"start":{"line":24,"column":17},"end":{"line":24,"column":20}},"4":{"start":{"line":25,"column":19},"end":{"line":25,"column":null}},"5":{"start":{"line":27,"column":6},"end":{"line":31,"column":null}},"6":{"start":{"line":27,"column":19},"end":{"line":27,"column":26}},"7":{"start":{"line":28,"column":8},"end":{"line":30,"column":null}},"8":{"start":{"line":29,"column":10},"end":{"line":29,"column":null}},"9":{"start":{"line":33,"column":6},"end":{"line":35,"column":null}},"10":{"start":{"line":34,"column":8},"end":{"line":34,"column":null}},"11":{"start":{"line":38,"column":4},"end":{"line":38,"column":null}}},"fnMap":{"0":{"name":"sort","decl":{"start":{"line":21,"column":2},"end":{"line":21,"column":7}},"loc":{"start":{"line":21,"column":61},"end":{"line":39,"column":null}},"line":21}},"branchMap":{"0":{"loc":{"start":{"line":28,"column":8},"end":{"line":30,"column":null}},"type":"if","locations":[{"start":{"line":28,"column":8},"end":{"line":30,"column":null}},{"start":{},"end":{}}],"line":28},"1":{"loc":{"start":{"line":33,"column":6},"end":{"line":35,"column":null}},"type":"if","locations":[{"start":{"line":33,"column":6},"end":{"line":35,"column":null}},{"start":{},"end":{}}],"line":33}},"s":{"0":4,"1":8,"2":8,"3":8,"4":28,"5":28,"6":28,"7":83,"8":25,"9":28,"10":18,"11":8},"f":{"0":8},"b":{"0":[25,58],"1":[18,10]},"meta":{"lastBranch":2,"lastFunction":1,"lastStatement":12,"seen":{"s:11:47:40:Infinity":0,"f:21:2:21:7":0,"s:22:14:22:Infinity":1,"s:24:4:36:Infinity":2,"s:24:17:24:20":3,"s:25:19:25:Infinity":4,"s:27:6:31:Infinity":5,"s:27:19:27:26":6,"b:28:8:30:Infinity:undefined:undefined:undefined:undefined":0,"s:28:8:30:Infinity":7,"s:29:10:29:Infinity":8,"b:33:6:35:Infinity:undefined:undefined:undefined:undefined":1,"s:33:6:35:Infinity":9,"s:34:8:34:Infinity":10,"s:38:4:38:Infinity":11},"fnNames":{}}}
,"C:\\Users\\prash\\Downloads\\Sorting Algorithm Web App\\src\\features\\benchmark\\engine\\algorithms\\shell-sort.ts": {"path":"C:\\Users\\prash\\Downloads\\Sorting Algorithm Web App\\src\\features\\benchmark\\engine\\algorithms\\shell-sort.ts","statementMap":{"0":{"start":{"line":16,"column":20},"end":{"line":16,"column":null}},"1":{"start":{"line":17,"column":25},"end":{"line":17,"column":null}},"2":{"start":{"line":20,"column":12},"end":{"line":20,"column":null}},"3":{"start":{"line":21,"column":2},"end":{"line":24,"column":null}},"4":{"start":{"line":22,"column":4},"end":{"line":22,"column":null}},"5":{"start":{"line":23,"column":4},"end":{"line":23,"column":null}},"6":{"start":{"line":27,"column":2},"end":{"line":31,"column":null}},"7":{"start":{"line":28,"column":4},"end":{"line":30,"column":null}},"8":{"start":{"line":29,"column":6},"end":{"line":29,"column":null}},"9":{"start":{"line":34,"column":2},"end":{"line":34,"column":null}},"10":{"start":{"line":34,"column":22},"end":{"line":34,"column":27}},"11":{"start":{"line":35,"column":2},"end":{"line":35,"column":null}},"12":{"start":{"line":35,"column":25},"end":{"line":35,"column":null}},"13":{"start":{"line":37,"column":2},"end":{"line":37,"column":null}},"14":{"start":{"line":40,"column":43},"end":{"line":76,"column":null}},"15":{"start":{"line":55,"column":14},"end":{"line":55,"column":null}},"16":{"start":{"line":56,"column":17},"end":{"line":56,"column":null}},"17":{"start":{"line":58,"column":4},"end":{"line":72,"column":null}},"18":{"start":{"line":60,"column":6},"end":{"line":71,"column":null}},"19":{"start":{"line":60,"column":19},"end":{"line":60,"column":24}},"20":{"start":{"line":61,"column":21},"end":{"line":61,"column":null}},"21":{"start":{"line":62,"column":16},"end":{"line":62,"column":null}},"22":{"start":{"line":64,"column":8},"end":{"line":68,"column":null}},"23":{"start":{"line":65,"column":10},"end":{"line":65,"column":null}},"24":{"start":{"line":66,"column":10},"end":{"line":66,"column":null}},"25":{"start":{"line":67,"column":10},"end":{"line":67,"column":null}},"26":{"start":{"line":70,"column":8},"end":{"line":70,"column":null}},"27":{"start":{"line":74,"column":4},"end":{"line":74,"column":null}}},"fnMap":{"0":{"name":"generateGaps","decl":{"start":{"line":15,"column":9},"end":{"line":15,"column":22}},"loc":{"start":{"line":15,"column":43},"end":{"line":38,"column":null}},"line":15},"1":{"name":"(anonymous_1)","decl":{"start":{"line":34,"column":7},"end":{"line":34,"column":13}},"loc":{"start":{"line":34,"column":22},"end":{"line":34,"column":27}},"line":34},"2":{"name":"sort","decl":{"start":{"line":54,"column":2},"end":{"line":54,"column":7}},"loc":{"start":{"line":54,"column":61},"end":{"line":75,"column":null}},"line":54}},"branchMap":{"0":{"loc":{"start":{"line":28,"column":4},"end":{"line":30,"column":null}},"type":"if","locations":[{"start":{"line":28,"column":4},"end":{"line":30,"column":null}},{"start":{},"end":{}}],"line":28},"1":{"loc":{"start":{"line":28,"column":8},"end":{"line":28,"column":36}},"type":"binary-expr","locations":[{"start":{"line":28,"column":8},"end":{"line":28,"column":17}},{"start":{"line":28,"column":17},"end":{"line":28,"column":36}}],"line":28},"2":{"loc":{"start":{"line":35,"column":2},"end":{"line":35,"column":null}},"type":"if","locations":[{"start":{"line":35,"column":2},"end":{"line":35,"column":null}},{"start":{},"end":{}}],"line":35},"3":{"loc":{"start":{"line":64,"column":15},"end":{"line":64,"column":71}},"type":"binary-expr","locations":[{"start":{"line":64,"column":15},"end":{"line":64,"column":27}},{"start":{"line":64,"column":27},"end":{"line":64,"column":71}}],"line":64}},"s":{"0":8,"1":8,"2":8,"3":8,"4":0,"5":0,"6":8,"7":64,"8":12,"9":8,"10":6,"11":8,"12":2,"13":8,"14":4,"15":8,"16":8,"17":8,"18":14,"19":14,"20":38,"21":38,"22":38,"23":26,"24":26,"25":26,"26":38,"27":8},"f":{"0":8,"1":6,"2":8},"b":{"0":[12,52],"1":[64,12],"2":[2,6],"3":[38,56]},"meta":{"lastBranch":4,"lastFunction":3,"lastStatement":28,"seen":{"f:15:9:15:22":0,"s:16:20:16:Infinity":0,"s:17:25:17:Infinity":1,"s:20:12:20:Infinity":2,"s:21:2:24:Infinity":3,"s:22:4:22:Infinity":4,"s:23:4:23:Infinity":5,"s:27:2:31:Infinity":6,"b:28:4:30:Infinity:undefined:undefined:undefined:undefined":0,"s:28:4:30:Infinity":7,"b:28:8:28:17:28:17:28:36":1,"s:29:6:29:Infinity":8,"s:34:2:34:Infinity":9,"f:34:7:34:13":1,"s:34:22:34:27":10,"b:35:2:35:Infinity:undefined:undefined:undefined:undefined":2,"s:35:2:35:Infinity":11,"s:35:25:35:Infinity":12,"s:37:2:37:Infinity":13,"s:40:43:76:Infinity":14,"f:54:2:54:7":2,"s:55:14:55:Infinity":15,"s:56:17:56:Infinity":16,"s:58:4:72:Infinity":17,"s:60:6:71:Infinity":18,"s:60:19:60:24":19,"s:61:21:61:Infinity":20,"s:62:16:62:Infinity":21,"s:64:8:68:Infinity":22,"b:64:15:64:27:64:27:64:71":3,"s:65:10:65:Infinity":23,"s:66:10:66:Infinity":24,"s:67:10:67:Infinity":25,"s:70:8:70:Infinity":26,"s:74:4:74:Infinity":27},"fnNames":{}}}
,"C:\\Users\\prash\\Downloads\\Sorting Algorithm Web App\\src\\features\\benchmark\\engine\\algorithms\\tim-sort.ts": {"path":"C:\\Users\\prash\\Downloads\\Sorting Algorithm Web App\\src\\features\\benchmark\\engine\\algorithms\\tim-sort.ts","statementMap":{"0":{"start":{"line":13,"column":16},"end":{"line":13,"column":null}},"1":{"start":{"line":20,"column":10},"end":{"line":20,"column":null}},"2":{"start":{"line":21,"column":18},"end":{"line":21,"column":null}},"3":{"start":{"line":22,"column":2},"end":{"line":25,"column":null}},"4":{"start":{"line":23,"column":4},"end":{"line":23,"column":null}},"5":{"start":{"line":24,"column":4},"end":{"line":24,"column":null}},"6":{"start":{"line":26,"column":2},"end":{"line":26,"column":null}},"7":{"start":{"line":39,"column":2},"end":{"line":50,"column":null}},"8":{"start":{"line":39,"column":15},"end":{"line":39,"column":25}},"9":{"start":{"line":40,"column":16},"end":{"line":40,"column":null}},"10":{"start":{"line":41,"column":12},"end":{"line":41,"column":null}},"11":{"start":{"line":43,"column":4},"end":{"line":47,"column":null}},"12":{"start":{"line":44,"column":6},"end":{"line":44,"column":null}},"13":{"start":{"line":45,"column":6},"end":{"line":45,"column":null}},"14":{"start":{"line":46,"column":6},"end":{"line":46,"column":null}},"15":{"start":{"line":49,"column":4},"end":{"line":49,"column":null}},"16":{"start":{"line":63,"column":18},"end":{"line":63,"column":null}},"17":{"start":{"line":64,"column":19},"end":{"line":64,"column":null}},"18":{"start":{"line":66,"column":18},"end":{"line":66,"column":null}},"19":{"start":{"line":67,"column":19},"end":{"line":67,"column":null}},"20":{"start":{"line":68,"column":2},"end":{"line":68,"column":null}},"21":{"start":{"line":70,"column":2},"end":{"line":70,"column":null}},"22":{"start":{"line":70,"column":15},"end":{"line":70,"column":18}},"23":{"start":{"line":70,"column":36},"end":{"line":70,"column":null}},"24":{"start":{"line":71,"column":2},"end":{"line":71,"column":null}},"25":{"start":{"line":71,"column":15},"end":{"line":71,"column":18}},"26":{"start":{"line":71,"column":37},"end":{"line":71,"column":null}},"27":{"start":{"line":73,"column":10},"end":{"line":73,"column":null}},"28":{"start":{"line":74,"column":10},"end":{"line":74,"column":null}},"29":{"start":{"line":75,"column":10},"end":{"line":75,"column":null}},"30":{"start":{"line":77,"column":2},"end":{"line":86,"column":null}},"31":{"start":{"line":78,"column":4},"end":{"line":84,"column":null}},"32":{"start":{"line":79,"column":6},"end":{"line":79,"column":null}},"33":{"start":{"line":80,"column":6},"end":{"line":80,"column":null}},"34":{"start":{"line":82,"column":6},"end":{"line":82,"column":null}},"35":{"start":{"line":83,"column":6},"end":{"line":83,"column":null}},"36":{"start":{"line":85,"column":4},"end":{"line":85,"column":null}},"37":{"start":{"line":88,"column":2},"end":{"line":92,"column":null}},"38":{"start":{"line":89,"column":4},"end":{"line":89,"column":null}},"39":{"start":{"line":90,"column":4},"end":{"line":90,"column":null}},"40":{"start":{"line":91,"column":4},"end":{"line":91,"column":null}},"41":{"start":{"line":94,"column":2},"end":{"line":98,"column":null}},"42":{"start":{"line":95,"column":4},"end":{"line":95,"column":null}},"43":{"start":{"line":96,"column":4},"end":{"line":96,"column":null}},"44":{"start":{"line":97,"column":4},"end":{"line":97,"column":null}},"45":{"start":{"line":101,"column":41},"end":{"line":143,"column":null}},"46":{"start":{"line":116,"column":14},"end":{"line":116,"column":null}},"47":{"start":{"line":117,"column":4},"end":{"line":117,"column":null}},"48":{"start":{"line":117,"column":16},"end":{"line":117,"column":null}},"49":{"start":{"line":119,"column":19},"end":{"line":119,"column":null}},"50":{"start":{"line":122,"column":4},"end":{"line":125,"column":null}},"51":{"start":{"line":122,"column":21},"end":{"line":122,"column":24}},"52":{"start":{"line":123,"column":18},"end":{"line":123,"column":null}},"53":{"start":{"line":124,"column":6},"end":{"line":124,"column":null}},"54":{"start":{"line":128,"column":4},"end":{"line":139,"column":null}},"55":{"start":{"line":128,"column":20},"end":{"line":128,"column":28}},"56":{"start":{"line":129,"column":6},"end":{"line":138,"column":null}},"57":{"start":{"line":129,"column":22},"end":{"line":129,"column":25}},"58":{"start":{"line":130,"column":20},"end":{"line":130,"column":null}},"59":{"start":{"line":131,"column":22},"end":{"line":131,"column":null}},"60":{"start":{"line":133,"column":8},"end":{"line":137,"column":null}},"61":{"start":{"line":134,"column":10},"end":{"line":134,"column":null}},"62":{"start":{"line":135,"column":10},"end":{"line":135,"column":null}},"63":{"start":{"line":136,"column":10},"end":{"line":136,"column":null}},"64":{"start":{"line":141,"column":4},"end":{"line":141,"column":null}}},"fnMap":{"0":{"name":"calcMinRun","decl":{"start":{"line":19,"column":9},"end":{"line":19,"column":20}},"loc":{"start":{"line":19,"column":39},"end":{"line":27,"column":null}},"line":19},"1":{"name":"insertionSortRange","decl":{"start":{"line":33,"column":9},"end":{"line":33,"column":null}},"loc":{"start":{"line":38,"column":8},"end":{"line":51,"column":null}},"line":38},"2":{"name":"mergeRuns","decl":{"start":{"line":56,"column":9},"end":{"line":56,"column":null}},"loc":{"start":{"line":62,"column":8},"end":{"line":99,"column":null}},"line":62},"3":{"name":"sort","decl":{"start":{"line":115,"column":2},"end":{"line":115,"column":7}},"loc":{"start":{"line":115,"column":61},"end":{"line":142,"column":null}},"line":115}},"branchMap":{"0":{"loc":{"start":{"line":43,"column":11},"end":{"line":43,"column":61}},"type":"binary-expr","locations":[{"start":{"line":43,"column":11},"end":{"line":43,"column":24}},{"start":{"line":43,"column":24},"end":{"line":43,"column":61}}],"line":43},"1":{"loc":{"start":{"line":77,"column":9},"end":{"line":77,"column":38}},"type":"binary-expr","locations":[{"start":{"line":77,"column":9},"end":{"line":77,"column":24}},{"start":{"line":77,"column":24},"end":{"line":77,"column":38}}],"line":77},"2":{"loc":{"start":{"line":78,"column":4},"end":{"line":84,"column":null}},"type":"if","locations":[{"start":{"line":78,"column":4},"end":{"line":84,"column":null}},{"start":{"line":81,"column":11},"end":{"line":84,"column":null}}],"line":78},"3":{"loc":{"start":{"line":117,"column":4},"end":{"line":117,"column":null}},"type":"if","locations":[{"start":{"line":117,"column":4},"end":{"line":117,"column":null}},{"start":{},"end":{}}],"line":117},"4":{"loc":{"start":{"line":133,"column":8},"end":{"line":137,"column":null}},"type":"if","locations":[{"start":{"line":133,"column":8},"end":{"line":137,"column":null}},{"start":{},"end":{}}],"line":133}},"s":{"0":4,"1":6,"2":6,"3":6,"4":0,"5":0,"6":6,"7":6,"8":6,"9":28,"10":28,"11":28,"12":34,"13":34,"14":34,"15":28,"16":0,"17":0,"18":0,"19":0,"20":0,"21":0,"22":0,"23":0,"24":0,"25":0,"26":0,"27":0,"28":0,"29":0,"30":0,"31":0,"32":0,"33":0,"34":0,"35":0,"36":0,"37":0,"38":0,"39":0,"40":0,"41":0,"42":0,"43":0,"44":0,"45":4,"46":8,"47":8,"48":2,"49":6,"50":6,"51":6,"52":6,"53":6,"54":6,"55":6,"56":0,"57":0,"58":0,"59":0,"60":0,"61":0,"62":0,"63":0,"64":6},"f":{"0":6,"1":6,"2":0,"3":8},"b":{"0":[28,52],"1":[0,0],"2":[0,0],"3":[2,6],"4":[0,0]},"meta":{"lastBranch":5,"lastFunction":4,"lastStatement":65,"seen":{"s:13:16:13:Infinity":0,"f:19:9:19:20":0,"s:20:10:20:Infinity":1,"s:21:18:21:Infinity":2,"s:22:2:25:Infinity":3,"s:23:4:23:Infinity":4,"s:24:4:24:Infinity":5,"s:26:2:26:Infinity":6,"f:33:9:33:Infinity":1,"s:39:2:50:Infinity":7,"s:39:15:39:25":8,"s:40:16:40:Infinity":9,"s:41:12:41:Infinity":10,"s:43:4:47:Infinity":11,"b:43:11:43:24:43:24:43:61":0,"s:44:6:44:Infinity":12,"s:45:6:45:Infinity":13,"s:46:6:46:Infinity":14,"s:49:4:49:Infinity":15,"f:56:9:56:Infinity":2,"s:63:18:63:Infinity":16,"s:64:19:64:Infinity":17,"s:66:18:66:Infinity":18,"s:67:19:67:Infinity":19,"s:68:2:68:Infinity":20,"s:70:2:70:Infinity":21,"s:70:15:70:18":22,"s:70:36:70:Infinity":23,"s:71:2:71:Infinity":24,"s:71:15:71:18":25,"s:71:37:71:Infinity":26,"s:73:10:73:Infinity":27,"s:74:10:74:Infinity":28,"s:75:10:75:Infinity":29,"s:77:2:86:Infinity":30,"b:77:9:77:24:77:24:77:38":1,"b:78:4:84:Infinity:81:11:84:Infinity":2,"s:78:4:84:Infinity":31,"s:79:6:79:Infinity":32,"s:80:6:80:Infinity":33,"s:82:6:82:Infinity":34,"s:83:6:83:Infinity":35,"s:85:4:85:Infinity":36,"s:88:2:92:Infinity":37,"s:89:4:89:Infinity":38,"s:90:4:90:Infinity":39,"s:91:4:91:Infinity":40,"s:94:2:98:Infinity":41,"s:95:4:95:Infinity":42,"s:96:4:96:Infinity":43,"s:97:4:97:Infinity":44,"s:101:41:143:Infinity":45,"f:115:2:115:7":3,"s:116:14:116:Infinity":46,"b:117:4:117:Infinity:undefined:undefined:undefined:undefined":3,"s:117:4:117:Infinity":47,"s:117:16:117:Infinity":48,"s:119:19:119:Infinity":49,"s:122:4:125:Infinity":50,"s:122:21:122:24":51,"s:123:18:123:Infinity":52,"s:124:6:124:Infinity":53,"s:128:4:139:Infinity":54,"s:128:20:128:28":55,"s:129:6:138:Infinity":56,"s:129:22:129:25":57,"s:130:20:130:Infinity":58,"s:131:22:131:Infinity":59,"b:133:8:137:Infinity:undefined:undefined:undefined:undefined":4,"s:133:8:137:Infinity":60,"s:134:10:134:Infinity":61,"s:135:10:135:Infinity":62,"s:136:10:136:Infinity":63,"s:141:4:141:Infinity":64},"fnNames":{}}}
,"C:\\Users\\prash\\Downloads\\Sorting Algorithm Web App\\src\\features\\benchmark\\services\\PerformanceMonitor.ts": {"path":"C:\\Users\\prash\\Downloads\\Sorting Algorithm Web App\\src\\features\\benchmark\\services\\PerformanceMonitor.ts","statementMap":{"0":{"start":{"line":12,"column":36},"end":{"line":12,"column":null}},"1":{"start":{"line":21,"column":28},"end":{"line":21,"column":null}},"2":{"start":{"line":22,"column":20},"end":{"line":22,"column":null}},"3":{"start":{"line":24,"column":4},"end":{"line":28,"column":null}},"4":{"start":{"line":25,"column":6},"end":{"line":25,"column":null}},"5":{"start":{"line":26,"column":11},"end":{"line":28,"column":null}},"6":{"start":{"line":27,"column":6},"end":{"line":27,"column":null}},"7":{"start":{"line":30,"column":30},"end":{"line":30,"column":null}},"8":{"start":{"line":31,"column":29},"end":{"line":31,"column":null}},"9":{"start":{"line":33,"column":4},"end":{"line":41,"column":null}},"10":{"start":{"line":48,"column":4},"end":{"line":48,"column":null}},"11":{"start":{"line":48,"column":21},"end":{"line":48,"column":null}},"12":{"start":{"line":49,"column":14},"end":{"line":49,"column":null}},"13":{"start":{"line":50,"column":18},"end":{"line":50,"column":null}},"14":{"start":{"line":51,"column":14},"end":{"line":51,"column":null}},"15":{"start":{"line":52,"column":4},"end":{"line":52,"column":null}}},"fnMap":{"0":{"name":"estimateMemory","decl":{"start":{"line":20,"column":16},"end":{"line":20,"column":31}},"loc":{"start":{"line":20,"column":107},"end":{"line":42,"column":null}},"line":20},"1":{"name":"formatBytes","decl":{"start":{"line":47,"column":16},"end":{"line":47,"column":28}},"loc":{"start":{"line":47,"column":51},"end":{"line":53,"column":null}},"line":47}},"branchMap":{"0":{"loc":{"start":{"line":20,"column":45},"end":{"line":20,"column":107}},"type":"default-arg","locations":[{"start":{"line":20,"column":71},"end":{"line":20,"column":107}}],"line":20},"1":{"loc":{"start":{"line":24,"column":4},"end":{"line":28,"column":null}},"type":"if","locations":[{"start":{"line":24,"column":4},"end":{"line":28,"column":null}},{"start":{"line":26,"column":11},"end":{"line":28,"column":null}}],"line":24},"2":{"loc":{"start":{"line":24,"column":8},"end":{"line":24,"column":78}},"type":"binary-expr","locations":[{"start":{"line":24,"column":8},"end":{"line":24,"column":44}},{"start":{"line":24,"column":44},"end":{"line":24,"column":78}}],"line":24},"3":{"loc":{"start":{"line":26,"column":11},"end":{"line":28,"column":null}},"type":"if","locations":[{"start":{"line":26,"column":11},"end":{"line":28,"column":null}},{"start":{},"end":{}}],"line":26},"4":{"loc":{"start":{"line":48,"column":4},"end":{"line":48,"column":null}},"type":"if","locations":[{"start":{"line":48,"column":4},"end":{"line":48,"column":null}},{"start":{},"end":{}}],"line":48}},"s":{"0":3,"1":4,"2":4,"3":4,"4":1,"5":3,"6":0,"7":4,"8":4,"9":4,"10":7,"11":1,"12":6,"13":6,"14":6,"15":6},"f":{"0":3,"1":3},"b":{"0":[4],"1":[1,3],"2":[4,4],"3":[0,3],"4":[1,6]},"meta":{"lastBranch":5,"lastFunction":2,"lastStatement":16,"seen":{"s:12:36:12:Infinity":0,"f:20:16:20:31":0,"b:20:71:20:107":0,"s:21:28:21:Infinity":1,"s:22:20:22:Infinity":2,"b:24:4:28:Infinity:26:11:28:Infinity":1,"s:24:4:28:Infinity":3,"b:24:8:24:44:24:44:24:78":2,"s:25:6:25:Infinity":4,"b:26:11:28:Infinity:undefined:undefined:undefined:undefined":3,"s:26:11:28:Infinity":5,"s:27:6:27:Infinity":6,"s:30:30:30:Infinity":7,"s:31:29:31:Infinity":8,"s:33:4:41:Infinity":9,"f:47:16:47:28":1,"b:48:4:48:Infinity:undefined:undefined:undefined:undefined":4,"s:48:4:48:Infinity":10,"s:48:21:48:Infinity":11,"s:49:14:49:Infinity":12,"s:50:18:50:Infinity":13,"s:51:14:51:Infinity":14,"s:52:4:52:Infinity":15},"fnNames":{}}}
}
